<?xml version="1.0" encoding="UTF-8"?>
<!-- Generated by org.testng.reporters.JUnitReportReporter -->
<testsuite skipped="0" hostname="TYSS-TR-0021" name="Script.LoginTest" tests="1" failures="0" timestamp="03 Jan 2019 08:31:20 GMT" time="9.168" errors="0">
  <testcase name="testLogin" time="9.168" classname="Script.LoginTest"/>
</testsuite> <!-- Script.LoginTest -->
