<?xml version="1.0" encoding="UTF-8"?>
<!-- Generated by org.testng.reporters.JUnitReportReporter -->
<testsuite skipped="0" hostname="TYSS-TR-0021" name="Script.HomePage_1Tab" tests="2" failures="0" timestamp="03 Jan 2019 09:23:10 GMT" time="11.429" errors="0">
  <testcase name="tabTimeTrack" time="5.316" classname="Script.HomePage_1Tab"/>
  <testcase name="LoginTest" time="6.113" classname="Script.HomePage_1Tab"/>
</testsuite> <!-- Script.HomePage_1Tab -->
