<?xml version="1.0" encoding="UTF-8"?>
<!-- Generated by org.testng.reporters.JUnitReportReporter -->
<testsuite skipped="0" hostname="TYSS-TR-0021" name="TestNGExecution.AutomaticRunTestNG" tests="2" failures="0" timestamp="05 Jan 2019 08:14:42 GMT" time="0.276" errors="0">
  <testcase name="TC_007" time="0.008" classname="TestNGExecution.AutomaticRunTestNG"/>
  <testcase name="run" time="0.268" classname="TestNGExecution.AutomaticRunTestNG"/>
</testsuite> <!-- TestNGExecution.AutomaticRunTestNG -->
