<?xml version="1.0" encoding="UTF-8"?>
<!-- Generated by org.testng.reporters.JUnitReportReporter -->
<testsuite skipped="0" hostname="Rahul-PC" name="TestNGExecution.FirefoxTest" tests="1" failures="0" timestamp="03 Jan 2019 18:11:53 GMT" time="16.133" errors="0">
  <testcase name="fireFox" time="16.133" classname="TestNGExecution.FirefoxTest"/>
</testsuite> <!-- TestNGExecution.FirefoxTest -->
